E:\ADS>myproj
0 0 0 0 0 0 0 0 0 0 10 9 8 7 6 5 4 3 2 1
total is 55
10 9 8 7 6 5 4 3 2 1 0 0 0 0 0 0 0 0 0 0
0 0 0 0 0 0 0 0 0 0 1 2 3 4 5 6 7 8 9 10
100 99 96 91 84 75 64 51 36 19
total is 715
100 99 96 91 84 75 64 51 36 19
19 36 51 64 75 84 91 96 99 100

E:\ADS>myproj
0 0 0 0 0 0 0 0 0 0 10 9 8 7 6 5 4 3 2 1
total is 55
10 9 8 7 6 5 4 3 2 1 0 0 0 0 0 0 0 0 0 0
0 0 0 0 0 0 0 0 0 0 1 2 3 4 5 6 7 8 9 10
100 99 96 91 84 75 64 51 36 19
total is 715
100 99 96 91 84 75 64 51 36 19
19 36 51 64 75 84 91 96 99 100

MY STUFF BEGINS HERE!
VECTOR ITERATOR:
(0, 0, 0, 0, 0, 0, 0, 0, 0, 0, 1, 2, 3, 4, 5, 6, 7, 8, 9, 10, )
LIST ITERATOR:
(19, 36, 51, 64, 75, 84, 91, 96, 99, 100, )
